2024-12-29 10:22:33.054 [info] Telemetry level is off
2024-12-29 10:22:33.054 [info] Experiments are disabled, only manually opted experiments are active.
2024-12-29 10:22:33.054 [error] Unable to check if shell integration is active [Error: Extension 'ms-python.python' CANNOT use API proposal: terminalDataWriteEvent.
Its package.json#enabledApiProposals-property declares:  but NOT terminalDataWriteEvent.
 The missing proposal MUST be added and you must start in extension development mode or use the following command line switch: --enable-proposed-api ms-python.python
	at L (file:///usr/lib/code/out/vs/workbench/api/node/extensionHostProcess.js:113:16650)
	at a.onDidWriteTerminalData (file:///usr/lib/code/out/vs/workbench/api/node/extensionHostProcess.js:157:46493)
	at new v (/home/linux/.vscode-oss/extensions/ms-python.python-2024.22.0-universal/out/client/extension.js:2:896779)
	at me (/home/linux/.vscode-oss/extensions/ms-python.python-2024.22.0-universal/out/client/extension.js:2:1747249)
	at /home/linux/.vscode-oss/extensions/ms-python.python-2024.22.0-universal/out/client/extension.js:2:1750613
	at /home/linux/.vscode-oss/extensions/ms-python.python-2024.22.0-universal/out/client/extension.js:2:1750641
	at Ee (/home/linux/.vscode-oss/extensions/ms-python.python-2024.22.0-universal/out/client/extension.js:2:1750708)
	at /home/linux/.vscode-oss/extensions/ms-python.python-2024.22.0-universal/out/client/extension.js:2:1751188
	at we (/home/linux/.vscode-oss/extensions/ms-python.python-2024.22.0-universal/out/client/extension.js:2:1751129)
	at Te (/home/linux/.vscode-oss/extensions/ms-python.python-2024.22.0-universal/out/client/extension.js:2:1751163)
	at /home/linux/.vscode-oss/extensions/ms-python.python-2024.22.0-universal/out/client/extension.js:2:1748402
	at /home/linux/.vscode-oss/extensions/ms-python.python-2024.22.0-universal/out/client/extension.js:2:1750007
	at Array.reduce (<anonymous>)
	at /home/linux/.vscode-oss/extensions/ms-python.python-2024.22.0-universal/out/client/extension.js:2:1749979
	at /home/linux/.vscode-oss/extensions/ms-python.python-2024.22.0-universal/out/client/extension.js:2:1750261
	at /home/linux/.vscode-oss/extensions/ms-python.python-2024.22.0-universal/out/client/extension.js:2:1750641
	at Ee (/home/linux/.vscode-oss/extensions/ms-python.python-2024.22.0-universal/out/client/extension.js:2:1750708)
	at /home/linux/.vscode-oss/extensions/ms-python.python-2024.22.0-universal/out/client/extension.js:2:1751188
	at we (/home/linux/.vscode-oss/extensions/ms-python.python-2024.22.0-universal/out/client/extension.js:2:1751129)
	at Te (/home/linux/.vscode-oss/extensions/ms-python.python-2024.22.0-universal/out/client/extension.js:2:1751163)
	at /home/linux/.vscode-oss/extensions/ms-python.python-2024.22.0-universal/out/client/extension.js:2:1748402
	at /home/linux/.vscode-oss/extensions/ms-python.python-2024.22.0-universal/out/client/extension.js:2:1778072
	at /home/linux/.vscode-oss/extensions/ms-python.python-2024.22.0-universal/out/client/extension.js:2:1778093
	at e._get (/home/linux/.vscode-oss/extensions/ms-python.python-2024.22.0-universal/out/client/extension.js:2:1777106)
	at e._getButThrowIfAsync (/home/linux/.vscode-oss/extensions/ms-python.python-2024.22.0-universal/out/client/extension.js:2:1777166)
	at e.get (/home/linux/.vscode-oss/extensions/ms-python.python-2024.22.0-universal/out/client/extension.js:2:1772875)
	at e.dynamicValue (/home/linux/.vscode-oss/extensions/ms-python.python-2024.22.0-universal/out/client/extension.js:2:1762608)
	at /home/linux/.vscode-oss/extensions/ms-python.python-2024.22.0-universal/out/client/extension.js:2:1748785
	at Se (/home/linux/.vscode-oss/extensions/ms-python.python-2024.22.0-universal/out/client/extension.js:2:1749041)
	at Ee (/home/linux/.vscode-oss/extensions/ms-python.python-2024.22.0-universal/out/client/extension.js:2:1750757)
	at /home/linux/.vscode-oss/extensions/ms-python.python-2024.22.0-universal/out/client/extension.js:2:1751188
	at we (/home/linux/.vscode-oss/extensions/ms-python.python-2024.22.0-universal/out/client/extension.js:2:1751129)
	at Te (/home/linux/.vscode-oss/extensions/ms-python.python-2024.22.0-universal/out/client/extension.js:2:1751163)
	at /home/linux/.vscode-oss/extensions/ms-python.python-2024.22.0-universal/out/client/extension.js:2:1748402
	at /home/linux/.vscode-oss/extensions/ms-python.python-2024.22.0-universal/out/client/extension.js:2:1748336
	at Array.map (<anonymous>)
	at /home/linux/.vscode-oss/extensions/ms-python.python-2024.22.0-universal/out/client/extension.js:2:1748307
	at /home/linux/.vscode-oss/extensions/ms-python.python-2024.22.0-universal/out/client/extension.js:2:1750007
	at Array.reduce (<anonymous>)
	at /home/linux/.vscode-oss/extensions/ms-python.python-2024.22.0-universal/out/client/extension.js:2:1749979
	at /home/linux/.vscode-oss/extensions/ms-python.python-2024.22.0-universal/out/client/extension.js:2:1750261
	at /home/linux/.vscode-oss/extensions/ms-python.python-2024.22.0-universal/out/client/extension.js:2:1750641
	at Ee (/home/linux/.vscode-oss/extensions/ms-python.python-2024.22.0-universal/out/client/extension.js:2:1750708)
	at /home/linux/.vscode-oss/extensions/ms-python.python-2024.22.0-universal/out/client/extension.js:2:1751188
	at we (/home/linux/.vscode-oss/extensions/ms-python.python-2024.22.0-universal/out/client/extension.js:2:1751129)
	at Te (/home/linux/.vscode-oss/extensions/ms-python.python-2024.22.0-universal/out/client/extension.js:2:1751163)
	at /home/linux/.vscode-oss/extensions/ms-python.python-2024.22.0-universal/out/client/extension.js:2:1748402
	at /home/linux/.vscode-oss/extensions/ms-python.python-2024.22.0-universal/out/client/extension.js:2:1778072
	at /home/linux/.vscode-oss/extensions/ms-python.python-2024.22.0-universal/out/client/extension.js:2:1778093
	at e._get (/home/linux/.vscode-oss/extensions/ms-python.python-2024.22.0-universal/out/client/extension.js:2:1777106)
	at e._getButThrowIfAsync (/home/linux/.vscode-oss/extensions/ms-python.python-2024.22.0-universal/out/client/extension.js:2:1777166)
	at e.get (/home/linux/.vscode-oss/extensions/ms-python.python-2024.22.0-universal/out/client/extension.js:2:1772875)
	at a.get (/home/linux/.vscode-oss/extensions/ms-python.python-2024.22.0-universal/out/client/extension.js:2:526262)
	at /home/linux/.vscode-oss/extensions/ms-python.python-2024.22.0-universal/out/client/extension.js:2:441854
	at async t.activateComponents (/home/linux/.vscode-oss/extensions/ms-python.python-2024.22.0-universal/out/client/extension.js:2:440134)
	at async /home/linux/.vscode-oss/extensions/ms-python.python-2024.22.0-universal/out/client/extension.js:2:2705021
	at async e (/home/linux/.vscode-oss/extensions/ms-python.python-2024.22.0-universal/out/client/extension.js:2:2704553)
	at async K0.n (file:///usr/lib/code/out/vs/workbench/api/node/extensionHostProcess.js:115:4447)
	at async K0.m (file:///usr/lib/code/out/vs/workbench/api/node/extensionHostProcess.js:115:4410)
	at async K0.l (file:///usr/lib/code/out/vs/workbench/api/node/extensionHostProcess.js:115:3866)]
2024-12-29 10:22:33.054 [info] > conda info --json
2024-12-29 10:22:33.054 [info] Python interpreter path: /bin/python
2024-12-29 10:22:33.054 [error] [
  'Failed to activate a workspace, Class name = v, completed in 249ms, has a falsy return value, Arg 1: <Uri:/home/linux/Projects/leetcode.py>, Arg 2: {"started":1735447952005}, Return Value: undefined',
  [Error: Extension 'ms-python.python' CANNOT use API proposal: testObserver.
  Its package.json#enabledApiProposals-property declares:  but NOT testObserver.
   The missing proposal MUST be added and you must start in extension development mode or use the following command line switch: --enable-proposed-api ms-python.python
  	at L (file:///usr/lib/code/out/vs/workbench/api/node/extensionHostProcess.js:113:16650)
  	at get testResults (file:///usr/lib/code/out/vs/workbench/api/node/extensionHostProcess.js:157:39656)
  	at C.activate (/home/linux/.vscode-oss/extensions/ms-python.python-2024.22.0-universal/out/client/extension.js:2:932646)
  	at /home/linux/.vscode-oss/extensions/ms-python.python-2024.22.0-universal/out/client/extension.js:2:2457
  	at Array.map (<anonymous>)
  	at v.activateWorkspace (/home/linux/.vscode-oss/extensions/ms-python.python-2024.22.0-universal/out/client/extension.js:2:2447)]
]
2024-12-29 10:22:33.054 [error] Failure during activation. [Error: Extension 'ms-python.python' CANNOT use API proposal: testObserver.
Its package.json#enabledApiProposals-property declares:  but NOT testObserver.
 The missing proposal MUST be added and you must start in extension development mode or use the following command line switch: --enable-proposed-api ms-python.python
	at L (file:///usr/lib/code/out/vs/workbench/api/node/extensionHostProcess.js:113:16650)
	at get testResults (file:///usr/lib/code/out/vs/workbench/api/node/extensionHostProcess.js:157:39656)
	at C.activate (/home/linux/.vscode-oss/extensions/ms-python.python-2024.22.0-universal/out/client/extension.js:2:932646)
	at /home/linux/.vscode-oss/extensions/ms-python.python-2024.22.0-universal/out/client/extension.js:2:2457
	at Array.map (<anonymous>)
	at v.activateWorkspace (/home/linux/.vscode-oss/extensions/ms-python.python-2024.22.0-universal/out/client/extension.js:2:2447)]
2024-12-29 10:22:33.054 [error] sendStartupTelemetry() failed. [Error: Extension 'ms-python.python' CANNOT use API proposal: testObserver.
Its package.json#enabledApiProposals-property declares:  but NOT testObserver.
 The missing proposal MUST be added and you must start in extension development mode or use the following command line switch: --enable-proposed-api ms-python.python
	at L (file:///usr/lib/code/out/vs/workbench/api/node/extensionHostProcess.js:113:16650)
	at get testResults (file:///usr/lib/code/out/vs/workbench/api/node/extensionHostProcess.js:157:39656)
	at C.activate (/home/linux/.vscode-oss/extensions/ms-python.python-2024.22.0-universal/out/client/extension.js:2:932646)
	at /home/linux/.vscode-oss/extensions/ms-python.python-2024.22.0-universal/out/client/extension.js:2:2457
	at Array.map (<anonymous>)
	at v.activateWorkspace (/home/linux/.vscode-oss/extensions/ms-python.python-2024.22.0-universal/out/client/extension.js:2:2447)]
2024-12-29 10:22:33.058 [info] > /opt/miniconda3/bin/conda info --json
2024-12-29 10:22:33.089 [info] > ~/.conda/bin/conda info --json
2024-12-29 10:22:33.093 [info] > ~/.condarc/bin/conda info --json
2024-12-29 10:22:33.851 [info] > ~/build/miniconda3/bin/conda info --json
2024-12-29 10:22:34.593 [info] Starting Jedi language server for default.
