Code - OSS (1.96.0, undefined, desktop)
Jupyter Extension Version: 2024.11.0.
Python Extension Version: 2024.22.0.
Pylance Extension not installed.
Platform: linux (x64).
Temp Storage folder ~/.config/Code - OSS/User/globalStorage/ms-toolsai.jupyter/version-2024.11.0
No workspace folder opened.
10:22:32.475 [info] Telemetry level is off
10:22:32.475 [info] Experiments are disabled, only manually opted experiments are active.
10:22:32.697 [error] Error in activating extension, failed in wy [Error: Extension 'ms-toolsai.jupyter' CANNOT use API proposal: notebookKernelSource.
Its package.json#enabledApiProposals-property declares:  but NOT notebookKernelSource.
 The missing proposal MUST be added and you must start in extension development mode or use the following command line switch: --enable-proposed-api ms-toolsai.jupyter
	at L (file:///usr/lib/code/out/vs/workbench/api/node/extensionHostProcess.js:113:16650)
	at Object.createNotebookControllerDetectionTask (file:///usr/lib/code/out/vs/workbench/api/node/extensionHostProcess.js:157:59403)
	at i (/home/~/.vscode-oss/extensions/ms-toolsai.jupyter-2024.11.0-universal/dist/extension.node.js:299:6566)
	at wy.startRefreshWithPython (/home/~/.vscode-oss/extensions/ms-toolsai.jupyter-2024.11.0-universal/dist/extension.node.js:299:6789)
	at wy.activate (/home/~/.vscode-oss/extensions/ms-toolsai.jupyter-2024.11.0-universal/dist/extension.node.js:299:5013)
	at /home/~/.vscode-oss/extensions/ms-toolsai.jupyter-2024.11.0-universal/dist/extension.node.js:373:27934
	at Array.map (<anonymous>)
	at pI.activate (/home/~/.vscode-oss/extensions/ms-toolsai.jupyter-2024.11.0-universal/dist/extension.node.js:373:27920)
	at LG (/home/~/.vscode-oss/extensions/ms-toolsai.jupyter-2024.11.0-universal/dist/extension.node.js:436:2122)
	at async uhe (/home/~/.vscode-oss/extensions/ms-toolsai.jupyter-2024.11.0-universal/dist/extension.node.js:438:454)]
10:22:32.706 [error] Error in activating extension, failed in ib [Error: Extension 'ms-toolsai.jupyter' CANNOT use API proposal: notebookKernelSource.
Its package.json#enabledApiProposals-property declares:  but NOT notebookKernelSource.
 The missing proposal MUST be added and you must start in extension development mode or use the following command line switch: --enable-proposed-api ms-toolsai.jupyter
	at L (file:///usr/lib/code/out/vs/workbench/api/node/extensionHostProcess.js:113:16650)
	at Object.registerKernelSourceActionProvider (file:///usr/lib/code/out/vs/workbench/api/node/extensionHostProcess.js:157:59525)
	at ib.activate (/home/~/.vscode-oss/extensions/ms-toolsai.jupyter-2024.11.0-universal/dist/extension.node.js:304:116385)
	at /home/~/.vscode-oss/extensions/ms-toolsai.jupyter-2024.11.0-universal/dist/extension.node.js:373:27934
	at Array.map (<anonymous>)
	at pI.activate (/home/~/.vscode-oss/extensions/ms-toolsai.jupyter-2024.11.0-universal/dist/extension.node.js:373:27920)
	at LG (/home/~/.vscode-oss/extensions/ms-toolsai.jupyter-2024.11.0-universal/dist/extension.node.js:436:2122)
	at async uhe (/home/~/.vscode-oss/extensions/ms-toolsai.jupyter-2024.11.0-universal/dist/extension.node.js:438:454)]
10:22:32.825 [warn] Failed to attach variable provider [Error: Extension 'ms-toolsai.jupyter' CANNOT use API proposal: notebookVariableProvider.
Its package.json#enabledApiProposals-property declares:  but NOT notebookVariableProvider.
 The missing proposal MUST be added and you must start in extension development mode or use the following command line switch: --enable-proposed-api ms-toolsai.jupyter
	at L (file:///usr/lib/code/out/vs/workbench/api/node/extensionHostProcess.js:113:16650)
	at set variableProvider (file:///usr/lib/code/out/vs/workbench/api/node/extensionHostProcess.js:156:20783)
	at n.create (/home/~/.vscode-oss/extensions/ms-toolsai.jupyter-2024.11.0-universal/dist/extension.node.js:304:87352)
	at /home/~/.vscode-oss/extensions/ms-toolsai.jupyter-2024.11.0-universal/dist/extension.node.js:304:101017
	at Array.forEach (<anonymous>)
	at Yy.addImpl (/home/~/.vscode-oss/extensions/ms-toolsai.jupyter-2024.11.0-universal/dist/extension.node.js:304:100990)
	at /home/~/.vscode-oss/extensions/ms-toolsai.jupyter-2024.11.0-universal/dist/extension.node.js:304:100070
	at Array.forEach (<anonymous>)
	at Yy.batchAdd (/home/~/.vscode-oss/extensions/ms-toolsai.jupyter-2024.11.0-universal/dist/extension.node.js:304:100040)
	at Yy.createNotebookControllers (/home/~/.vscode-oss/extensions/ms-toolsai.jupyter-2024.11.0-universal/dist/extension.node.js:304:99098)
	at Yy.loadControllersImpl (/home/~/.vscode-oss/extensions/ms-toolsai.jupyter-2024.11.0-universal/dist/extension.node.js:304:98558)
	at Yy.loadControllers (/home/~/.vscode-oss/extensions/ms-toolsai.jupyter-2024.11.0-universal/dist/extension.node.js:304:98308)
	at Yy.<anonymous> (/home/~/.vscode-oss/extensions/ms-toolsai.jupyter-2024.11.0-universal/dist/extension.node.js:304:97676)
	at P.B (file:///usr/lib/code/out/vs/workbench/api/node/extensionHostProcess.js:30:746)
	at P.fire (file:///usr/lib/code/out/vs/workbench/api/node/extensionHostProcess.js:30:964)
	at kh.value (/home/~/.vscode-oss/extensions/ms-toolsai.jupyter-2024.11.0-universal/dist/extension.node.js:285:19835)
	at P.B (file:///usr/lib/code/out/vs/workbench/api/node/extensionHostProcess.js:30:746)
	at P.C (file:///usr/lib/code/out/vs/workbench/api/node/extensionHostProcess.js:30:816)
	at P.fire (file:///usr/lib/code/out/vs/workbench/api/node/extensionHostProcess.js:30:1033)
	at ab.buildDummyEnvironment (/home/~/.vscode-oss/extensions/ms-toolsai.jupyter-2024.11.0-universal/dist/extension.node.js:304:145349)]
10:22:32.825 [warn] Failed to attach variable provider [Error: Extension 'ms-toolsai.jupyter' CANNOT use API proposal: notebookVariableProvider.
Its package.json#enabledApiProposals-property declares:  but NOT notebookVariableProvider.
 The missing proposal MUST be added and you must start in extension development mode or use the following command line switch: --enable-proposed-api ms-toolsai.jupyter
	at L (file:///usr/lib/code/out/vs/workbench/api/node/extensionHostProcess.js:113:16650)
	at set variableProvider (file:///usr/lib/code/out/vs/workbench/api/node/extensionHostProcess.js:156:20783)
	at n.create (/home/~/.vscode-oss/extensions/ms-toolsai.jupyter-2024.11.0-universal/dist/extension.node.js:304:87352)
	at /home/~/.vscode-oss/extensions/ms-toolsai.jupyter-2024.11.0-universal/dist/extension.node.js:304:101017
	at Array.forEach (<anonymous>)
	at Yy.addImpl (/home/~/.vscode-oss/extensions/ms-toolsai.jupyter-2024.11.0-universal/dist/extension.node.js:304:100990)
	at /home/~/.vscode-oss/extensions/ms-toolsai.jupyter-2024.11.0-universal/dist/extension.node.js:304:100070
	at Array.forEach (<anonymous>)
	at Yy.batchAdd (/home/~/.vscode-oss/extensions/ms-toolsai.jupyter-2024.11.0-universal/dist/extension.node.js:304:100040)
	at Yy.createNotebookControllers (/home/~/.vscode-oss/extensions/ms-toolsai.jupyter-2024.11.0-universal/dist/extension.node.js:304:99098)
	at Yy.loadControllersImpl (/home/~/.vscode-oss/extensions/ms-toolsai.jupyter-2024.11.0-universal/dist/extension.node.js:304:98558)
	at Yy.loadControllers (/home/~/.vscode-oss/extensions/ms-toolsai.jupyter-2024.11.0-universal/dist/extension.node.js:304:98308)
	at Yy.<anonymous> (/home/~/.vscode-oss/extensions/ms-toolsai.jupyter-2024.11.0-universal/dist/extension.node.js:304:97676)
	at P.B (file:///usr/lib/code/out/vs/workbench/api/node/extensionHostProcess.js:30:746)
	at P.fire (file:///usr/lib/code/out/vs/workbench/api/node/extensionHostProcess.js:30:964)
	at kh.value (/home/~/.vscode-oss/extensions/ms-toolsai.jupyter-2024.11.0-universal/dist/extension.node.js:285:19835)
	at P.B (file:///usr/lib/code/out/vs/workbench/api/node/extensionHostProcess.js:30:746)
	at P.C (file:///usr/lib/code/out/vs/workbench/api/node/extensionHostProcess.js:30:816)
	at P.fire (file:///usr/lib/code/out/vs/workbench/api/node/extensionHostProcess.js:30:1033)
	at ab.buildDummyEnvironment (/home/~/.vscode-oss/extensions/ms-toolsai.jupyter-2024.11.0-universal/dist/extension.node.js:304:145349)]
10:22:32.826 [warn] Failed to attach variable provider [Error: Extension 'ms-toolsai.jupyter' CANNOT use API proposal: notebookVariableProvider.
Its package.json#enabledApiProposals-property declares:  but NOT notebookVariableProvider.
 The missing proposal MUST be added and you must start in extension development mode or use the following command line switch: --enable-proposed-api ms-toolsai.jupyter
	at L (file:///usr/lib/code/out/vs/workbench/api/node/extensionHostProcess.js:113:16650)
	at set variableProvider (file:///usr/lib/code/out/vs/workbench/api/node/extensionHostProcess.js:156:20783)
	at n.create (/home/~/.vscode-oss/extensions/ms-toolsai.jupyter-2024.11.0-universal/dist/extension.node.js:304:87352)
	at /home/~/.vscode-oss/extensions/ms-toolsai.jupyter-2024.11.0-universal/dist/extension.node.js:304:101017
	at Array.forEach (<anonymous>)
	at Yy.addImpl (/home/~/.vscode-oss/extensions/ms-toolsai.jupyter-2024.11.0-universal/dist/extension.node.js:304:100990)
	at /home/~/.vscode-oss/extensions/ms-toolsai.jupyter-2024.11.0-universal/dist/extension.node.js:304:100070
	at Array.forEach (<anonymous>)
	at Yy.batchAdd (/home/~/.vscode-oss/extensions/ms-toolsai.jupyter-2024.11.0-universal/dist/extension.node.js:304:100040)
	at Yy.createNotebookControllers (/home/~/.vscode-oss/extensions/ms-toolsai.jupyter-2024.11.0-universal/dist/extension.node.js:304:99098)
	at Yy.loadControllersImpl (/home/~/.vscode-oss/extensions/ms-toolsai.jupyter-2024.11.0-universal/dist/extension.node.js:304:98558)
	at Yy.loadControllers (/home/~/.vscode-oss/extensions/ms-toolsai.jupyter-2024.11.0-universal/dist/extension.node.js:304:98308)
	at Yy.<anonymous> (/home/~/.vscode-oss/extensions/ms-toolsai.jupyter-2024.11.0-universal/dist/extension.node.js:304:97676)
	at P.B (file:///usr/lib/code/out/vs/workbench/api/node/extensionHostProcess.js:30:746)
	at P.fire (file:///usr/lib/code/out/vs/workbench/api/node/extensionHostProcess.js:30:964)
	at kh.value (/home/~/.vscode-oss/extensions/ms-toolsai.jupyter-2024.11.0-universal/dist/extension.node.js:285:19835)
	at P.B (file:///usr/lib/code/out/vs/workbench/api/node/extensionHostProcess.js:30:746)
	at P.C (file:///usr/lib/code/out/vs/workbench/api/node/extensionHostProcess.js:30:816)
	at P.fire (file:///usr/lib/code/out/vs/workbench/api/node/extensionHostProcess.js:30:1033)
	at ab.buildDummyEnvironment (/home/~/.vscode-oss/extensions/ms-toolsai.jupyter-2024.11.0-universal/dist/extension.node.js:304:145349)]
10:22:32.827 [warn] Failed to attach variable provider [Error: Extension 'ms-toolsai.jupyter' CANNOT use API proposal: notebookVariableProvider.
Its package.json#enabledApiProposals-property declares:  but NOT notebookVariableProvider.
 The missing proposal MUST be added and you must start in extension development mode or use the following command line switch: --enable-proposed-api ms-toolsai.jupyter
	at L (file:///usr/lib/code/out/vs/workbench/api/node/extensionHostProcess.js:113:16650)
	at set variableProvider (file:///usr/lib/code/out/vs/workbench/api/node/extensionHostProcess.js:156:20783)
	at n.create (/home/~/.vscode-oss/extensions/ms-toolsai.jupyter-2024.11.0-universal/dist/extension.node.js:304:87352)
	at /home/~/.vscode-oss/extensions/ms-toolsai.jupyter-2024.11.0-universal/dist/extension.node.js:304:101017
	at Array.forEach (<anonymous>)
	at Yy.addImpl (/home/~/.vscode-oss/extensions/ms-toolsai.jupyter-2024.11.0-universal/dist/extension.node.js:304:100990)
	at /home/~/.vscode-oss/extensions/ms-toolsai.jupyter-2024.11.0-universal/dist/extension.node.js:304:100070
	at Array.forEach (<anonymous>)
	at Yy.batchAdd (/home/~/.vscode-oss/extensions/ms-toolsai.jupyter-2024.11.0-universal/dist/extension.node.js:304:100040)
	at Yy.createNotebookControllers (/home/~/.vscode-oss/extensions/ms-toolsai.jupyter-2024.11.0-universal/dist/extension.node.js:304:99098)
	at Yy.loadControllersImpl (/home/~/.vscode-oss/extensions/ms-toolsai.jupyter-2024.11.0-universal/dist/extension.node.js:304:98558)
	at Yy.loadControllers (/home/~/.vscode-oss/extensions/ms-toolsai.jupyter-2024.11.0-universal/dist/extension.node.js:304:98308)
	at Yy.<anonymous> (/home/~/.vscode-oss/extensions/ms-toolsai.jupyter-2024.11.0-universal/dist/extension.node.js:304:97676)
	at P.B (file:///usr/lib/code/out/vs/workbench/api/node/extensionHostProcess.js:30:746)
	at P.fire (file:///usr/lib/code/out/vs/workbench/api/node/extensionHostProcess.js:30:964)
	at kh.value (/home/~/.vscode-oss/extensions/ms-toolsai.jupyter-2024.11.0-universal/dist/extension.node.js:285:19835)
	at P.B (file:///usr/lib/code/out/vs/workbench/api/node/extensionHostProcess.js:30:746)
	at P.C (file:///usr/lib/code/out/vs/workbench/api/node/extensionHostProcess.js:30:816)
	at P.fire (file:///usr/lib/code/out/vs/workbench/api/node/extensionHostProcess.js:30:1033)
	at ab.buildDummyEnvironment (/home/~/.vscode-oss/extensions/ms-toolsai.jupyter-2024.11.0-universal/dist/extension.node.js:304:145349)]
10:22:32.828 [warn] Failed to attach variable provider [Error: Extension 'ms-toolsai.jupyter' CANNOT use API proposal: notebookVariableProvider.
Its package.json#enabledApiProposals-property declares:  but NOT notebookVariableProvider.
 The missing proposal MUST be added and you must start in extension development mode or use the following command line switch: --enable-proposed-api ms-toolsai.jupyter
	at L (file:///usr/lib/code/out/vs/workbench/api/node/extensionHostProcess.js:113:16650)
	at set variableProvider (file:///usr/lib/code/out/vs/workbench/api/node/extensionHostProcess.js:156:20783)
	at n.create (/home/~/.vscode-oss/extensions/ms-toolsai.jupyter-2024.11.0-universal/dist/extension.node.js:304:87352)
	at /home/~/.vscode-oss/extensions/ms-toolsai.jupyter-2024.11.0-universal/dist/extension.node.js:304:101017
	at Array.forEach (<anonymous>)
	at Yy.addImpl (/home/~/.vscode-oss/extensions/ms-toolsai.jupyter-2024.11.0-universal/dist/extension.node.js:304:100990)
	at /home/~/.vscode-oss/extensions/ms-toolsai.jupyter-2024.11.0-universal/dist/extension.node.js:304:100070
	at Array.forEach (<anonymous>)
	at Yy.batchAdd (/home/~/.vscode-oss/extensions/ms-toolsai.jupyter-2024.11.0-universal/dist/extension.node.js:304:100040)
	at Yy.createNotebookControllers (/home/~/.vscode-oss/extensions/ms-toolsai.jupyter-2024.11.0-universal/dist/extension.node.js:304:99098)
	at Yy.loadControllersImpl (/home/~/.vscode-oss/extensions/ms-toolsai.jupyter-2024.11.0-universal/dist/extension.node.js:304:98558)
	at Yy.loadControllers (/home/~/.vscode-oss/extensions/ms-toolsai.jupyter-2024.11.0-universal/dist/extension.node.js:304:98308)
	at Yy.<anonymous> (/home/~/.vscode-oss/extensions/ms-toolsai.jupyter-2024.11.0-universal/dist/extension.node.js:304:97676)
	at P.B (file:///usr/lib/code/out/vs/workbench/api/node/extensionHostProcess.js:30:746)
	at P.fire (file:///usr/lib/code/out/vs/workbench/api/node/extensionHostProcess.js:30:964)
	at kh.value (/home/~/.vscode-oss/extensions/ms-toolsai.jupyter-2024.11.0-universal/dist/extension.node.js:285:19835)
	at P.B (file:///usr/lib/code/out/vs/workbench/api/node/extensionHostProcess.js:30:746)
	at P.C (file:///usr/lib/code/out/vs/workbench/api/node/extensionHostProcess.js:30:816)
	at P.fire (file:///usr/lib/code/out/vs/workbench/api/node/extensionHostProcess.js:30:1033)
	at ab.buildDummyEnvironment (/home/~/.vscode-oss/extensions/ms-toolsai.jupyter-2024.11.0-universal/dist/extension.node.js:304:145349)]
10:22:32.828 [warn] Failed to attach variable provider [Error: Extension 'ms-toolsai.jupyter' CANNOT use API proposal: notebookVariableProvider.
Its package.json#enabledApiProposals-property declares:  but NOT notebookVariableProvider.
 The missing proposal MUST be added and you must start in extension development mode or use the following command line switch: --enable-proposed-api ms-toolsai.jupyter
	at L (file:///usr/lib/code/out/vs/workbench/api/node/extensionHostProcess.js:113:16650)
	at set variableProvider (file:///usr/lib/code/out/vs/workbench/api/node/extensionHostProcess.js:156:20783)
	at n.create (/home/~/.vscode-oss/extensions/ms-toolsai.jupyter-2024.11.0-universal/dist/extension.node.js:304:87352)
	at /home/~/.vscode-oss/extensions/ms-toolsai.jupyter-2024.11.0-universal/dist/extension.node.js:304:101017
	at Array.forEach (<anonymous>)
	at Yy.addImpl (/home/~/.vscode-oss/extensions/ms-toolsai.jupyter-2024.11.0-universal/dist/extension.node.js:304:100990)
	at /home/~/.vscode-oss/extensions/ms-toolsai.jupyter-2024.11.0-universal/dist/extension.node.js:304:100070
	at Array.forEach (<anonymous>)
	at Yy.batchAdd (/home/~/.vscode-oss/extensions/ms-toolsai.jupyter-2024.11.0-universal/dist/extension.node.js:304:100040)
	at Yy.createNotebookControllers (/home/~/.vscode-oss/extensions/ms-toolsai.jupyter-2024.11.0-universal/dist/extension.node.js:304:99098)
	at Yy.loadControllersImpl (/home/~/.vscode-oss/extensions/ms-toolsai.jupyter-2024.11.0-universal/dist/extension.node.js:304:98558)
	at Yy.loadControllers (/home/~/.vscode-oss/extensions/ms-toolsai.jupyter-2024.11.0-universal/dist/extension.node.js:304:98308)
	at Yy.<anonymous> (/home/~/.vscode-oss/extensions/ms-toolsai.jupyter-2024.11.0-universal/dist/extension.node.js:304:97676)
	at P.B (file:///usr/lib/code/out/vs/workbench/api/node/extensionHostProcess.js:30:746)
	at P.fire (file:///usr/lib/code/out/vs/workbench/api/node/extensionHostProcess.js:30:964)
	at kh.value (/home/~/.vscode-oss/extensions/ms-toolsai.jupyter-2024.11.0-universal/dist/extension.node.js:285:19835)
	at P.B (file:///usr/lib/code/out/vs/workbench/api/node/extensionHostProcess.js:30:746)
	at P.C (file:///usr/lib/code/out/vs/workbench/api/node/extensionHostProcess.js:30:816)
	at P.fire (file:///usr/lib/code/out/vs/workbench/api/node/extensionHostProcess.js:30:1033)
	at ab.buildDummyEnvironment (/home/~/.vscode-oss/extensions/ms-toolsai.jupyter-2024.11.0-universal/dist/extension.node.js:304:145349)]
10:22:32.829 [warn] Failed to attach variable provider [Error: Extension 'ms-toolsai.jupyter' CANNOT use API proposal: notebookVariableProvider.
Its package.json#enabledApiProposals-property declares:  but NOT notebookVariableProvider.
 The missing proposal MUST be added and you must start in extension development mode or use the following command line switch: --enable-proposed-api ms-toolsai.jupyter
	at L (file:///usr/lib/code/out/vs/workbench/api/node/extensionHostProcess.js:113:16650)
	at set variableProvider (file:///usr/lib/code/out/vs/workbench/api/node/extensionHostProcess.js:156:20783)
	at n.create (/home/~/.vscode-oss/extensions/ms-toolsai.jupyter-2024.11.0-universal/dist/extension.node.js:304:87352)
	at /home/~/.vscode-oss/extensions/ms-toolsai.jupyter-2024.11.0-universal/dist/extension.node.js:304:101017
	at Array.forEach (<anonymous>)
	at Yy.addImpl (/home/~/.vscode-oss/extensions/ms-toolsai.jupyter-2024.11.0-universal/dist/extension.node.js:304:100990)
	at /home/~/.vscode-oss/extensions/ms-toolsai.jupyter-2024.11.0-universal/dist/extension.node.js:304:100070
	at Array.forEach (<anonymous>)
	at Yy.batchAdd (/home/~/.vscode-oss/extensions/ms-toolsai.jupyter-2024.11.0-universal/dist/extension.node.js:304:100040)
	at Yy.createNotebookControllers (/home/~/.vscode-oss/extensions/ms-toolsai.jupyter-2024.11.0-universal/dist/extension.node.js:304:99098)
	at Yy.loadControllersImpl (/home/~/.vscode-oss/extensions/ms-toolsai.jupyter-2024.11.0-universal/dist/extension.node.js:304:98558)
	at Yy.loadControllers (/home/~/.vscode-oss/extensions/ms-toolsai.jupyter-2024.11.0-universal/dist/extension.node.js:304:98308)
	at Yy.<anonymous> (/home/~/.vscode-oss/extensions/ms-toolsai.jupyter-2024.11.0-universal/dist/extension.node.js:304:97676)
	at P.B (file:///usr/lib/code/out/vs/workbench/api/node/extensionHostProcess.js:30:746)
	at P.fire (file:///usr/lib/code/out/vs/workbench/api/node/extensionHostProcess.js:30:964)
	at kh.value (/home/~/.vscode-oss/extensions/ms-toolsai.jupyter-2024.11.0-universal/dist/extension.node.js:285:19835)
	at P.B (file:///usr/lib/code/out/vs/workbench/api/node/extensionHostProcess.js:30:746)
	at P.C (file:///usr/lib/code/out/vs/workbench/api/node/extensionHostProcess.js:30:816)
	at P.fire (file:///usr/lib/code/out/vs/workbench/api/node/extensionHostProcess.js:30:1033)
	at ab.buildDummyEnvironment (/home/~/.vscode-oss/extensions/ms-toolsai.jupyter-2024.11.0-universal/dist/extension.node.js:304:145349)]
10:22:32.830 [warn] Failed to attach variable provider [Error: Extension 'ms-toolsai.jupyter' CANNOT use API proposal: notebookVariableProvider.
Its package.json#enabledApiProposals-property declares:  but NOT notebookVariableProvider.
 The missing proposal MUST be added and you must start in extension development mode or use the following command line switch: --enable-proposed-api ms-toolsai.jupyter
	at L (file:///usr/lib/code/out/vs/workbench/api/node/extensionHostProcess.js:113:16650)
	at set variableProvider (file:///usr/lib/code/out/vs/workbench/api/node/extensionHostProcess.js:156:20783)
	at n.create (/home/~/.vscode-oss/extensions/ms-toolsai.jupyter-2024.11.0-universal/dist/extension.node.js:304:87352)
	at /home/~/.vscode-oss/extensions/ms-toolsai.jupyter-2024.11.0-universal/dist/extension.node.js:304:101017
	at Array.forEach (<anonymous>)
	at Yy.addImpl (/home/~/.vscode-oss/extensions/ms-toolsai.jupyter-2024.11.0-universal/dist/extension.node.js:304:100990)
	at /home/~/.vscode-oss/extensions/ms-toolsai.jupyter-2024.11.0-universal/dist/extension.node.js:304:100070
	at Array.forEach (<anonymous>)
	at Yy.batchAdd (/home/~/.vscode-oss/extensions/ms-toolsai.jupyter-2024.11.0-universal/dist/extension.node.js:304:100040)
	at Yy.createNotebookControllers (/home/~/.vscode-oss/extensions/ms-toolsai.jupyter-2024.11.0-universal/dist/extension.node.js:304:99098)
	at Yy.loadControllersImpl (/home/~/.vscode-oss/extensions/ms-toolsai.jupyter-2024.11.0-universal/dist/extension.node.js:304:98558)
	at Yy.loadControllers (/home/~/.vscode-oss/extensions/ms-toolsai.jupyter-2024.11.0-universal/dist/extension.node.js:304:98308)
	at Yy.<anonymous> (/home/~/.vscode-oss/extensions/ms-toolsai.jupyter-2024.11.0-universal/dist/extension.node.js:304:97676)
	at P.B (file:///usr/lib/code/out/vs/workbench/api/node/extensionHostProcess.js:30:746)
	at P.fire (file:///usr/lib/code/out/vs/workbench/api/node/extensionHostProcess.js:30:964)
	at kh.value (/home/~/.vscode-oss/extensions/ms-toolsai.jupyter-2024.11.0-universal/dist/extension.node.js:285:19835)
	at P.B (file:///usr/lib/code/out/vs/workbench/api/node/extensionHostProcess.js:30:746)
	at P.C (file:///usr/lib/code/out/vs/workbench/api/node/extensionHostProcess.js:30:816)
	at P.fire (file:///usr/lib/code/out/vs/workbench/api/node/extensionHostProcess.js:30:1033)
	at ab.buildDummyEnvironment (/home/~/.vscode-oss/extensions/ms-toolsai.jupyter-2024.11.0-universal/dist/extension.node.js:304:145349)]
10:22:32.831 [warn] Failed to attach variable provider [Error: Extension 'ms-toolsai.jupyter' CANNOT use API proposal: notebookVariableProvider.
Its package.json#enabledApiProposals-property declares:  but NOT notebookVariableProvider.
 The missing proposal MUST be added and you must start in extension development mode or use the following command line switch: --enable-proposed-api ms-toolsai.jupyter
	at L (file:///usr/lib/code/out/vs/workbench/api/node/extensionHostProcess.js:113:16650)
	at set variableProvider (file:///usr/lib/code/out/vs/workbench/api/node/extensionHostProcess.js:156:20783)
	at n.create (/home/~/.vscode-oss/extensions/ms-toolsai.jupyter-2024.11.0-universal/dist/extension.node.js:304:87352)
	at /home/~/.vscode-oss/extensions/ms-toolsai.jupyter-2024.11.0-universal/dist/extension.node.js:304:101017
	at Array.forEach (<anonymous>)
	at Yy.addImpl (/home/~/.vscode-oss/extensions/ms-toolsai.jupyter-2024.11.0-universal/dist/extension.node.js:304:100990)
	at /home/~/.vscode-oss/extensions/ms-toolsai.jupyter-2024.11.0-universal/dist/extension.node.js:304:100070
	at Array.forEach (<anonymous>)
	at Yy.batchAdd (/home/~/.vscode-oss/extensions/ms-toolsai.jupyter-2024.11.0-universal/dist/extension.node.js:304:100040)
	at Yy.createNotebookControllers (/home/~/.vscode-oss/extensions/ms-toolsai.jupyter-2024.11.0-universal/dist/extension.node.js:304:99098)
	at Yy.loadControllersImpl (/home/~/.vscode-oss/extensions/ms-toolsai.jupyter-2024.11.0-universal/dist/extension.node.js:304:98558)
	at Yy.loadControllers (/home/~/.vscode-oss/extensions/ms-toolsai.jupyter-2024.11.0-universal/dist/extension.node.js:304:98308)
	at Yy.<anonymous> (/home/~/.vscode-oss/extensions/ms-toolsai.jupyter-2024.11.0-universal/dist/extension.node.js:304:97676)
	at P.B (file:///usr/lib/code/out/vs/workbench/api/node/extensionHostProcess.js:30:746)
	at P.fire (file:///usr/lib/code/out/vs/workbench/api/node/extensionHostProcess.js:30:964)
	at kh.value (/home/~/.vscode-oss/extensions/ms-toolsai.jupyter-2024.11.0-universal/dist/extension.node.js:285:19835)
	at P.B (file:///usr/lib/code/out/vs/workbench/api/node/extensionHostProcess.js:30:746)
	at P.C (file:///usr/lib/code/out/vs/workbench/api/node/extensionHostProcess.js:30:816)
	at P.fire (file:///usr/lib/code/out/vs/workbench/api/node/extensionHostProcess.js:30:1033)
	at ab.buildDummyEnvironment (/home/~/.vscode-oss/extensions/ms-toolsai.jupyter-2024.11.0-universal/dist/extension.node.js:304:145349)]
10:22:32.831 [warn] Failed to attach variable provider [Error: Extension 'ms-toolsai.jupyter' CANNOT use API proposal: notebookVariableProvider.
Its package.json#enabledApiProposals-property declares:  but NOT notebookVariableProvider.
 The missing proposal MUST be added and you must start in extension development mode or use the following command line switch: --enable-proposed-api ms-toolsai.jupyter
	at L (file:///usr/lib/code/out/vs/workbench/api/node/extensionHostProcess.js:113:16650)
	at set variableProvider (file:///usr/lib/code/out/vs/workbench/api/node/extensionHostProcess.js:156:20783)
	at n.create (/home/~/.vscode-oss/extensions/ms-toolsai.jupyter-2024.11.0-universal/dist/extension.node.js:304:87352)
	at /home/~/.vscode-oss/extensions/ms-toolsai.jupyter-2024.11.0-universal/dist/extension.node.js:304:101017
	at Array.forEach (<anonymous>)
	at Yy.addImpl (/home/~/.vscode-oss/extensions/ms-toolsai.jupyter-2024.11.0-universal/dist/extension.node.js:304:100990)
	at /home/~/.vscode-oss/extensions/ms-toolsai.jupyter-2024.11.0-universal/dist/extension.node.js:304:100070
	at Array.forEach (<anonymous>)
	at Yy.batchAdd (/home/~/.vscode-oss/extensions/ms-toolsai.jupyter-2024.11.0-universal/dist/extension.node.js:304:100040)
	at Yy.createNotebookControllers (/home/~/.vscode-oss/extensions/ms-toolsai.jupyter-2024.11.0-universal/dist/extension.node.js:304:99098)
	at Yy.loadControllersImpl (/home/~/.vscode-oss/extensions/ms-toolsai.jupyter-2024.11.0-universal/dist/extension.node.js:304:98558)
	at Yy.loadControllers (/home/~/.vscode-oss/extensions/ms-toolsai.jupyter-2024.11.0-universal/dist/extension.node.js:304:98308)
	at Yy.<anonymous> (/home/~/.vscode-oss/extensions/ms-toolsai.jupyter-2024.11.0-universal/dist/extension.node.js:304:97676)
	at P.B (file:///usr/lib/code/out/vs/workbench/api/node/extensionHostProcess.js:30:746)
	at P.fire (file:///usr/lib/code/out/vs/workbench/api/node/extensionHostProcess.js:30:964)
	at kh.value (/home/~/.vscode-oss/extensions/ms-toolsai.jupyter-2024.11.0-universal/dist/extension.node.js:285:19835)
	at P.B (file:///usr/lib/code/out/vs/workbench/api/node/extensionHostProcess.js:30:746)
	at P.C (file:///usr/lib/code/out/vs/workbench/api/node/extensionHostProcess.js:30:816)
	at P.fire (file:///usr/lib/code/out/vs/workbench/api/node/extensionHostProcess.js:30:1033)
	at ab.buildDummyEnvironment (/home/~/.vscode-oss/extensions/ms-toolsai.jupyter-2024.11.0-universal/dist/extension.node.js:304:145349)]
10:22:32.833 [warn] Failed to attach variable provider [Error: Extension 'ms-toolsai.jupyter' CANNOT use API proposal: notebookVariableProvider.
Its package.json#enabledApiProposals-property declares:  but NOT notebookVariableProvider.
 The missing proposal MUST be added and you must start in extension development mode or use the following command line switch: --enable-proposed-api ms-toolsai.jupyter
	at L (file:///usr/lib/code/out/vs/workbench/api/node/extensionHostProcess.js:113:16650)
	at set variableProvider (file:///usr/lib/code/out/vs/workbench/api/node/extensionHostProcess.js:156:20783)
	at n.create (/home/~/.vscode-oss/extensions/ms-toolsai.jupyter-2024.11.0-universal/dist/extension.node.js:304:87352)
	at /home/~/.vscode-oss/extensions/ms-toolsai.jupyter-2024.11.0-universal/dist/extension.node.js:304:101017
	at Array.forEach (<anonymous>)
	at Yy.addImpl (/home/~/.vscode-oss/extensions/ms-toolsai.jupyter-2024.11.0-universal/dist/extension.node.js:304:100990)
	at /home/~/.vscode-oss/extensions/ms-toolsai.jupyter-2024.11.0-universal/dist/extension.node.js:304:100070
	at Array.forEach (<anonymous>)
	at Yy.batchAdd (/home/~/.vscode-oss/extensions/ms-toolsai.jupyter-2024.11.0-universal/dist/extension.node.js:304:100040)
	at Yy.createNotebookControllers (/home/~/.vscode-oss/extensions/ms-toolsai.jupyter-2024.11.0-universal/dist/extension.node.js:304:99098)
	at Yy.loadControllersImpl (/home/~/.vscode-oss/extensions/ms-toolsai.jupyter-2024.11.0-universal/dist/extension.node.js:304:98558)
	at Yy.loadControllers (/home/~/.vscode-oss/extensions/ms-toolsai.jupyter-2024.11.0-universal/dist/extension.node.js:304:98308)
	at Yy.<anonymous> (/home/~/.vscode-oss/extensions/ms-toolsai.jupyter-2024.11.0-universal/dist/extension.node.js:304:97676)
	at P.B (file:///usr/lib/code/out/vs/workbench/api/node/extensionHostProcess.js:30:746)
	at P.fire (file:///usr/lib/code/out/vs/workbench/api/node/extensionHostProcess.js:30:964)
	at kh.value (/home/~/.vscode-oss/extensions/ms-toolsai.jupyter-2024.11.0-universal/dist/extension.node.js:285:19835)
	at P.B (file:///usr/lib/code/out/vs/workbench/api/node/extensionHostProcess.js:30:746)
	at P.C (file:///usr/lib/code/out/vs/workbench/api/node/extensionHostProcess.js:30:816)
	at P.fire (file:///usr/lib/code/out/vs/workbench/api/node/extensionHostProcess.js:30:1033)
	at ab.buildDummyEnvironment (/home/~/.vscode-oss/extensions/ms-toolsai.jupyter-2024.11.0-universal/dist/extension.node.js:304:145349)]
10:22:32.833 [warn] Failed to attach variable provider [Error: Extension 'ms-toolsai.jupyter' CANNOT use API proposal: notebookVariableProvider.
Its package.json#enabledApiProposals-property declares:  but NOT notebookVariableProvider.
 The missing proposal MUST be added and you must start in extension development mode or use the following command line switch: --enable-proposed-api ms-toolsai.jupyter
	at L (file:///usr/lib/code/out/vs/workbench/api/node/extensionHostProcess.js:113:16650)
	at set variableProvider (file:///usr/lib/code/out/vs/workbench/api/node/extensionHostProcess.js:156:20783)
	at n.create (/home/~/.vscode-oss/extensions/ms-toolsai.jupyter-2024.11.0-universal/dist/extension.node.js:304:87352)
	at /home/~/.vscode-oss/extensions/ms-toolsai.jupyter-2024.11.0-universal/dist/extension.node.js:304:101017
	at Array.forEach (<anonymous>)
	at Yy.addImpl (/home/~/.vscode-oss/extensions/ms-toolsai.jupyter-2024.11.0-universal/dist/extension.node.js:304:100990)
	at /home/~/.vscode-oss/extensions/ms-toolsai.jupyter-2024.11.0-universal/dist/extension.node.js:304:100070
	at Array.forEach (<anonymous>)
	at Yy.batchAdd (/home/~/.vscode-oss/extensions/ms-toolsai.jupyter-2024.11.0-universal/dist/extension.node.js:304:100040)
	at Yy.createNotebookControllers (/home/~/.vscode-oss/extensions/ms-toolsai.jupyter-2024.11.0-universal/dist/extension.node.js:304:99098)
	at Yy.loadControllersImpl (/home/~/.vscode-oss/extensions/ms-toolsai.jupyter-2024.11.0-universal/dist/extension.node.js:304:98558)
	at Yy.loadControllers (/home/~/.vscode-oss/extensions/ms-toolsai.jupyter-2024.11.0-universal/dist/extension.node.js:304:98308)
	at Yy.<anonymous> (/home/~/.vscode-oss/extensions/ms-toolsai.jupyter-2024.11.0-universal/dist/extension.node.js:304:97676)
	at P.B (file:///usr/lib/code/out/vs/workbench/api/node/extensionHostProcess.js:30:746)
	at P.fire (file:///usr/lib/code/out/vs/workbench/api/node/extensionHostProcess.js:30:964)
	at kh.value (/home/~/.vscode-oss/extensions/ms-toolsai.jupyter-2024.11.0-universal/dist/extension.node.js:285:19835)
	at P.B (file:///usr/lib/code/out/vs/workbench/api/node/extensionHostProcess.js:30:746)
	at P.C (file:///usr/lib/code/out/vs/workbench/api/node/extensionHostProcess.js:30:816)
	at P.fire (file:///usr/lib/code/out/vs/workbench/api/node/extensionHostProcess.js:30:1033)
	at ab.buildDummyEnvironment (/home/~/.vscode-oss/extensions/ms-toolsai.jupyter-2024.11.0-universal/dist/extension.node.js:304:145349)]
10:22:32.835 [warn] Failed to attach variable provider [Error: Extension 'ms-toolsai.jupyter' CANNOT use API proposal: notebookVariableProvider.
Its package.json#enabledApiProposals-property declares:  but NOT notebookVariableProvider.
 The missing proposal MUST be added and you must start in extension development mode or use the following command line switch: --enable-proposed-api ms-toolsai.jupyter
	at L (file:///usr/lib/code/out/vs/workbench/api/node/extensionHostProcess.js:113:16650)
	at set variableProvider (file:///usr/lib/code/out/vs/workbench/api/node/extensionHostProcess.js:156:20783)
	at n.create (/home/~/.vscode-oss/extensions/ms-toolsai.jupyter-2024.11.0-universal/dist/extension.node.js:304:87352)
	at /home/~/.vscode-oss/extensions/ms-toolsai.jupyter-2024.11.0-universal/dist/extension.node.js:304:101017
	at Array.forEach (<anonymous>)
	at Yy.addImpl (/home/~/.vscode-oss/extensions/ms-toolsai.jupyter-2024.11.0-universal/dist/extension.node.js:304:100990)
	at /home/~/.vscode-oss/extensions/ms-toolsai.jupyter-2024.11.0-universal/dist/extension.node.js:304:100070
	at Array.forEach (<anonymous>)
	at Yy.batchAdd (/home/~/.vscode-oss/extensions/ms-toolsai.jupyter-2024.11.0-universal/dist/extension.node.js:304:100040)
	at Yy.createNotebookControllers (/home/~/.vscode-oss/extensions/ms-toolsai.jupyter-2024.11.0-universal/dist/extension.node.js:304:99098)
	at Yy.loadControllersImpl (/home/~/.vscode-oss/extensions/ms-toolsai.jupyter-2024.11.0-universal/dist/extension.node.js:304:98558)
	at Yy.loadControllers (/home/~/.vscode-oss/extensions/ms-toolsai.jupyter-2024.11.0-universal/dist/extension.node.js:304:98308)
	at Yy.<anonymous> (/home/~/.vscode-oss/extensions/ms-toolsai.jupyter-2024.11.0-universal/dist/extension.node.js:304:97676)
	at P.B (file:///usr/lib/code/out/vs/workbench/api/node/extensionHostProcess.js:30:746)
	at P.fire (file:///usr/lib/code/out/vs/workbench/api/node/extensionHostProcess.js:30:964)
	at kh.value (/home/~/.vscode-oss/extensions/ms-toolsai.jupyter-2024.11.0-universal/dist/extension.node.js:285:19835)
	at P.B (file:///usr/lib/code/out/vs/workbench/api/node/extensionHostProcess.js:30:746)
	at P.C (file:///usr/lib/code/out/vs/workbench/api/node/extensionHostProcess.js:30:816)
	at P.fire (file:///usr/lib/code/out/vs/workbench/api/node/extensionHostProcess.js:30:1033)
	at ab.buildDummyEnvironment (/home/~/.vscode-oss/extensions/ms-toolsai.jupyter-2024.11.0-universal/dist/extension.node.js:304:145349)]
10:22:32.835 [warn] Failed to attach variable provider [Error: Extension 'ms-toolsai.jupyter' CANNOT use API proposal: notebookVariableProvider.
Its package.json#enabledApiProposals-property declares:  but NOT notebookVariableProvider.
 The missing proposal MUST be added and you must start in extension development mode or use the following command line switch: --enable-proposed-api ms-toolsai.jupyter
	at L (file:///usr/lib/code/out/vs/workbench/api/node/extensionHostProcess.js:113:16650)
	at set variableProvider (file:///usr/lib/code/out/vs/workbench/api/node/extensionHostProcess.js:156:20783)
	at n.create (/home/~/.vscode-oss/extensions/ms-toolsai.jupyter-2024.11.0-universal/dist/extension.node.js:304:87352)
	at /home/~/.vscode-oss/extensions/ms-toolsai.jupyter-2024.11.0-universal/dist/extension.node.js:304:101017
	at Array.forEach (<anonymous>)
	at Yy.addImpl (/home/~/.vscode-oss/extensions/ms-toolsai.jupyter-2024.11.0-universal/dist/extension.node.js:304:100990)
	at /home/~/.vscode-oss/extensions/ms-toolsai.jupyter-2024.11.0-universal/dist/extension.node.js:304:100070
	at Array.forEach (<anonymous>)
	at Yy.batchAdd (/home/~/.vscode-oss/extensions/ms-toolsai.jupyter-2024.11.0-universal/dist/extension.node.js:304:100040)
	at Yy.createNotebookControllers (/home/~/.vscode-oss/extensions/ms-toolsai.jupyter-2024.11.0-universal/dist/extension.node.js:304:99098)
	at Yy.loadControllersImpl (/home/~/.vscode-oss/extensions/ms-toolsai.jupyter-2024.11.0-universal/dist/extension.node.js:304:98558)
	at Yy.loadControllers (/home/~/.vscode-oss/extensions/ms-toolsai.jupyter-2024.11.0-universal/dist/extension.node.js:304:98308)
	at Yy.<anonymous> (/home/~/.vscode-oss/extensions/ms-toolsai.jupyter-2024.11.0-universal/dist/extension.node.js:304:97676)
	at P.B (file:///usr/lib/code/out/vs/workbench/api/node/extensionHostProcess.js:30:746)
	at P.fire (file:///usr/lib/code/out/vs/workbench/api/node/extensionHostProcess.js:30:964)
	at kh.value (/home/~/.vscode-oss/extensions/ms-toolsai.jupyter-2024.11.0-universal/dist/extension.node.js:285:19835)
	at P.B (file:///usr/lib/code/out/vs/workbench/api/node/extensionHostProcess.js:30:746)
	at P.C (file:///usr/lib/code/out/vs/workbench/api/node/extensionHostProcess.js:30:816)
	at P.fire (file:///usr/lib/code/out/vs/workbench/api/node/extensionHostProcess.js:30:1033)
	at ab.buildDummyEnvironment (/home/~/.vscode-oss/extensions/ms-toolsai.jupyter-2024.11.0-universal/dist/extension.node.js:304:145349)]
10:22:32.836 [warn] Failed to attach variable provider [Error: Extension 'ms-toolsai.jupyter' CANNOT use API proposal: notebookVariableProvider.
Its package.json#enabledApiProposals-property declares:  but NOT notebookVariableProvider.
 The missing proposal MUST be added and you must start in extension development mode or use the following command line switch: --enable-proposed-api ms-toolsai.jupyter
	at L (file:///usr/lib/code/out/vs/workbench/api/node/extensionHostProcess.js:113:16650)
	at set variableProvider (file:///usr/lib/code/out/vs/workbench/api/node/extensionHostProcess.js:156:20783)
	at n.create (/home/~/.vscode-oss/extensions/ms-toolsai.jupyter-2024.11.0-universal/dist/extension.node.js:304:87352)
	at /home/~/.vscode-oss/extensions/ms-toolsai.jupyter-2024.11.0-universal/dist/extension.node.js:304:101017
	at Array.forEach (<anonymous>)
	at Yy.addImpl (/home/~/.vscode-oss/extensions/ms-toolsai.jupyter-2024.11.0-universal/dist/extension.node.js:304:100990)
	at /home/~/.vscode-oss/extensions/ms-toolsai.jupyter-2024.11.0-universal/dist/extension.node.js:304:100070
	at Array.forEach (<anonymous>)
	at Yy.batchAdd (/home/~/.vscode-oss/extensions/ms-toolsai.jupyter-2024.11.0-universal/dist/extension.node.js:304:100040)
	at Yy.createNotebookControllers (/home/~/.vscode-oss/extensions/ms-toolsai.jupyter-2024.11.0-universal/dist/extension.node.js:304:99098)
	at Yy.loadControllersImpl (/home/~/.vscode-oss/extensions/ms-toolsai.jupyter-2024.11.0-universal/dist/extension.node.js:304:98558)
	at Yy.loadControllers (/home/~/.vscode-oss/extensions/ms-toolsai.jupyter-2024.11.0-universal/dist/extension.node.js:304:98308)
	at Yy.<anonymous> (/home/~/.vscode-oss/extensions/ms-toolsai.jupyter-2024.11.0-universal/dist/extension.node.js:304:97676)
	at P.B (file:///usr/lib/code/out/vs/workbench/api/node/extensionHostProcess.js:30:746)
	at P.fire (file:///usr/lib/code/out/vs/workbench/api/node/extensionHostProcess.js:30:964)
	at kh.value (/home/~/.vscode-oss/extensions/ms-toolsai.jupyter-2024.11.0-universal/dist/extension.node.js:285:19835)
	at P.B (file:///usr/lib/code/out/vs/workbench/api/node/extensionHostProcess.js:30:746)
	at P.C (file:///usr/lib/code/out/vs/workbench/api/node/extensionHostProcess.js:30:816)
	at P.fire (file:///usr/lib/code/out/vs/workbench/api/node/extensionHostProcess.js:30:1033)
	at ab.buildDummyEnvironment (/home/~/.vscode-oss/extensions/ms-toolsai.jupyter-2024.11.0-universal/dist/extension.node.js:304:145349)]
10:22:32.837 [warn] Failed to attach variable provider [Error: Extension 'ms-toolsai.jupyter' CANNOT use API proposal: notebookVariableProvider.
Its package.json#enabledApiProposals-property declares:  but NOT notebookVariableProvider.
 The missing proposal MUST be added and you must start in extension development mode or use the following command line switch: --enable-proposed-api ms-toolsai.jupyter
	at L (file:///usr/lib/code/out/vs/workbench/api/node/extensionHostProcess.js:113:16650)
	at set variableProvider (file:///usr/lib/code/out/vs/workbench/api/node/extensionHostProcess.js:156:20783)
	at n.create (/home/~/.vscode-oss/extensions/ms-toolsai.jupyter-2024.11.0-universal/dist/extension.node.js:304:87352)
	at /home/~/.vscode-oss/extensions/ms-toolsai.jupyter-2024.11.0-universal/dist/extension.node.js:304:101017
	at Array.forEach (<anonymous>)
	at Yy.addImpl (/home/~/.vscode-oss/extensions/ms-toolsai.jupyter-2024.11.0-universal/dist/extension.node.js:304:100990)
	at /home/~/.vscode-oss/extensions/ms-toolsai.jupyter-2024.11.0-universal/dist/extension.node.js:304:100070
	at Array.forEach (<anonymous>)
	at Yy.batchAdd (/home/~/.vscode-oss/extensions/ms-toolsai.jupyter-2024.11.0-universal/dist/extension.node.js:304:100040)
	at Yy.createNotebookControllers (/home/~/.vscode-oss/extensions/ms-toolsai.jupyter-2024.11.0-universal/dist/extension.node.js:304:99098)
	at Yy.loadControllersImpl (/home/~/.vscode-oss/extensions/ms-toolsai.jupyter-2024.11.0-universal/dist/extension.node.js:304:98558)
	at Yy.loadControllers (/home/~/.vscode-oss/extensions/ms-toolsai.jupyter-2024.11.0-universal/dist/extension.node.js:304:98308)
	at Yy.<anonymous> (/home/~/.vscode-oss/extensions/ms-toolsai.jupyter-2024.11.0-universal/dist/extension.node.js:304:97676)
	at P.B (file:///usr/lib/code/out/vs/workbench/api/node/extensionHostProcess.js:30:746)
	at P.fire (file:///usr/lib/code/out/vs/workbench/api/node/extensionHostProcess.js:30:964)
	at kh.value (/home/~/.vscode-oss/extensions/ms-toolsai.jupyter-2024.11.0-universal/dist/extension.node.js:285:19835)
	at P.B (file:///usr/lib/code/out/vs/workbench/api/node/extensionHostProcess.js:30:746)
	at P.C (file:///usr/lib/code/out/vs/workbench/api/node/extensionHostProcess.js:30:816)
	at P.fire (file:///usr/lib/code/out/vs/workbench/api/node/extensionHostProcess.js:30:1033)
	at ab.buildDummyEnvironment (/home/~/.vscode-oss/extensions/ms-toolsai.jupyter-2024.11.0-universal/dist/extension.node.js:304:145349)]
